<?xml version="1.0" encoding="UTF-8"?>
<testsuite xmlns:xsi="http://www.w3.org/2001/XMLSchema-instance" xsi:noNamespaceSchemaLocation="https://maven.apache.org/surefire/maven-surefire-plugin/xsd/surefire-test-report.xsd" name="test.LibraryManagerTest" time="0.192" tests="20" errors="0" skipped="0" failures="0">
  <properties>
[...]
</properties>
  <testcase name="testTitleLengthValidation" classname="test.LibraryManagerTest" time="0.048"/>
  <testcase name="testAddBook" classname="test.LibraryManagerTest" time="0.034"/>
  <testcase name="testUpdateNonExistentBook" classname="test.LibraryManagerTest" time="0.009"/>
  <testcase name="testSearchWithSpecialCharacters" classname="test.LibraryManagerTest" time="0.006"/>
  <testcase name="testUpdateAvailabilityOnly" classname="test.LibraryManagerTest" time="0.004"/>
  <testcase name="testUpdateBook" classname="test.LibraryManagerTest" time="0.003"/>
  <testcase name="testSearchByTitle" classname="test.LibraryManagerTest" time="0.006"/>
  <testcase name="testUpdateWithInvalidData" classname="test.LibraryManagerTest" time="0.011"/>
  <testcase name="testBookConstructorValidation" classname="test.LibraryManagerTest" time="0.002"/>
  <testcase name="testSearchWithWhitespace" classname="test.LibraryManagerTest" time="0.004"/>
  <testcase name="testGenreLengthValidation" classname="test.LibraryManagerTest" time="0.001"/>
  <testcase name="testSearchByNonExistentTitle" classname="test.LibraryManagerTest" time="0.005"/>
  <testcase name="testAddNullBook" classname="test.LibraryManagerTest" time="0.002"/>
  <testcase name="testSearchCaseInsensitive" classname="test.LibraryManagerTest" time="0.005"/>
  <testcase name="testDeleteBook" classname="test.LibraryManagerTest" time="0.004"/>
  <testcase name="testAuthorLengthValidation" classname="test.LibraryManagerTest" time="0.002"/>
  <testcase name="testMultipleBooks" classname="test.LibraryManagerTest" time="0.004"/>
  <testcase name="testDeleteNonExistentBook" classname="test.LibraryManagerTest" time="0.001"/>
  <testcase name="testAddDuplicateBook" classname="test.LibraryManagerTest" time="0.005"/>
  <testcase name="testSearchWithPartialMatch" classname="test.LibraryManagerTest" time="0.002"/>
</testsuite>